[debug] [2021-07-20T14:29:19.933Z] ----------------------------------------------------------------------
[debug] [2021-07-20T14:29:19.936Z] Command:       C:\Program Files\nodejs\node.exe C:\Users\KIIT\AppData\Roaming\npm\node_modules\firebase-tools\lib\bin\firebase.js deploy
[debug] [2021-07-20T14:29:19.937Z] CLI Version:   9.16.0
[debug] [2021-07-20T14:29:19.937Z] Platform:      win32
[debug] [2021-07-20T14:29:19.937Z] Node Version:  v14.15.1
[debug] [2021-07-20T14:29:19.939Z] Time:          Tue Jul 20 2021 19:59:19 GMT+0530 (India Standard Time)
[debug] [2021-07-20T14:29:19.939Z] ----------------------------------------------------------------------
[debug] 
[debug] [2021-07-20T14:29:20.013Z] > command requires scopes: ["email","openid","https://www.googleapis.com/auth/cloudplatformprojects.readonly","https://www.googleapis.com/auth/firebase","https://www.googleapis.com/auth/cloud-platform"]
[debug] [2021-07-20T14:29:20.013Z] > authorizing via signed-in user (kumar.ankit.jan01@gmail.com)
[debug] [2021-07-20T14:29:20.014Z] [iam] checking project akt-corona-tracker for permissions ["firebase.projects.get","firebasehosting.sites.update"]
[debug] [2021-07-20T14:29:20.017Z] >>> HTTP REQUEST POST https://cloudresourcemanager.googleapis.com/v1/projects/akt-corona-tracker:testIamPermissions  
 {"permissions":["firebase.projects.get","firebasehosting.sites.update"]}
[debug] [2021-07-20T14:29:22.770Z] <<< HTTP RESPONSE 200 {"content-type":"application/json; charset=UTF-8","vary":"X-Origin, Referer, Origin,Accept-Encoding","date":"Tue, 20 Jul 2021 14:29:21 GMT","server":"ESF","cache-control":"private","x-xss-protection":"0","x-frame-options":"SAMEORIGIN","x-content-type-options":"nosniff","server-timing":"gfet4t7; dur=1385","alt-svc":"h3=\":443\"; ma=2592000,h3-29=\":443\"; ma=2592000,h3-T051=\":443\"; ma=2592000,h3-Q050=\":443\"; ma=2592000,h3-Q046=\":443\"; ma=2592000,h3-Q043=\":443\"; ma=2592000,quic=\":443\"; ma=2592000; v=\"46,43\"","accept-ranges":"none","transfer-encoding":"chunked"}
[debug] [2021-07-20T14:29:22.778Z] > refreshing access token with scopes: []
[debug] [2021-07-20T14:29:22.779Z] >>> HTTP REQUEST POST https://www.googleapis.com/oauth2/v3/token  
 <request body omitted>
[debug] [2021-07-20T14:29:23.958Z] <<< HTTP RESPONSE 200 {"cache-control":"no-cache, no-store, max-age=0, must-revalidate","date":"Tue, 20 Jul 2021 14:29:22 GMT","expires":"Mon, 01 Jan 1990 00:00:00 GMT","pragma":"no-cache","content-type":"application/json; charset=utf-8","vary":"X-Origin, Referer, Origin,Accept-Encoding","server":"scaffolding on HTTPServer2","x-xss-protection":"0","x-frame-options":"SAMEORIGIN","x-content-type-options":"nosniff","alt-svc":"h3=\":443\"; ma=2592000,h3-29=\":443\"; ma=2592000,h3-T051=\":443\"; ma=2592000,h3-Q050=\":443\"; ma=2592000,h3-Q046=\":443\"; ma=2592000,h3-Q043=\":443\"; ma=2592000,quic=\":443\"; ma=2592000; v=\"46,43\"","accept-ranges":"none","transfer-encoding":"chunked"}
[debug] [2021-07-20T14:29:24.052Z] >>> [apiv2][query] GET https://firebase.googleapis.com/v1beta1/projects/akt-corona-tracker [none]
[debug] [2021-07-20T14:29:25.198Z] <<< [apiv2][status] GET https://firebase.googleapis.com/v1beta1/projects/akt-corona-tracker 200
[debug] [2021-07-20T14:29:25.198Z] <<< [apiv2][body] GET https://firebase.googleapis.com/v1beta1/projects/akt-corona-tracker {"projectId":"akt-corona-tracker","projectNumber":"152659678479","displayName":"Akt-Corona-Tracker","name":"projects/akt-corona-tracker","resources":{"hostingSite":"akt-corona-tracker"},"state":"ACTIVE"}
[info] 
[info] === Deploying to 'akt-corona-tracker'...
[info] 
[info] i  deploying hosting 
[debug] [2021-07-20T14:29:25.205Z] > refreshing access token with scopes: ["email","https://www.googleapis.com/auth/cloud-platform","https://www.googleapis.com/auth/cloudplatformprojects.readonly","https://www.googleapis.com/auth/firebase","openid"]
[debug] [2021-07-20T14:29:25.206Z] >>> HTTP REQUEST POST https://www.googleapis.com/oauth2/v3/token  
 <request body omitted>
[debug] [2021-07-20T14:29:25.608Z] <<< HTTP RESPONSE 200 {"cache-control":"no-cache, no-store, max-age=0, must-revalidate","expires":"Mon, 01 Jan 1990 00:00:00 GMT","pragma":"no-cache","date":"Tue, 20 Jul 2021 14:29:24 GMT","content-type":"application/json; charset=utf-8","vary":"X-Origin, Referer, Origin,Accept-Encoding","server":"scaffolding on HTTPServer2","x-xss-protection":"0","x-frame-options":"SAMEORIGIN","x-content-type-options":"nosniff","alt-svc":"h3=\":443\"; ma=2592000,h3-29=\":443\"; ma=2592000,h3-T051=\":443\"; ma=2592000,h3-Q050=\":443\"; ma=2592000,h3-Q046=\":443\"; ma=2592000,h3-Q043=\":443\"; ma=2592000,quic=\":443\"; ma=2592000; v=\"46,43\"","accept-ranges":"none","transfer-encoding":"chunked"}
[debug] [2021-07-20T14:29:25.691Z] >>> HTTP REQUEST POST https://firebasehosting.googleapis.com/v1beta1/sites/akt-corona-tracker/versions  
 {"config":{"rewrites":[{"glob":"**","path":"/index.html"}]},"labels":{"deployment-tool":"cli-firebase"}}
[debug] [2021-07-20T14:29:28.624Z] <<< HTTP RESPONSE 200 {"content-type":"application/json; charset=UTF-8","vary":"X-Origin, Referer, Origin,Accept-Encoding","date":"Tue, 20 Jul 2021 14:29:26 GMT","server":"ESF","cache-control":"private","x-xss-protection":"0","x-frame-options":"SAMEORIGIN","x-content-type-options":"nosniff","alt-svc":"h3=\":443\"; ma=2592000,h3-29=\":443\"; ma=2592000,h3-T051=\":443\"; ma=2592000,h3-Q050=\":443\"; ma=2592000,h3-Q046=\":443\"; ma=2592000,h3-Q043=\":443\"; ma=2592000,quic=\":443\"; ma=2592000; v=\"46,43\"","accept-ranges":"none","transfer-encoding":"chunked"}
[info] i  hosting[akt-corona-tracker]: beginning deploy... 
[info] i  hosting[akt-corona-tracker]: found 20 files in build 
[debug] [2021-07-20T14:29:28.647Z] [hosting] hash cache [YnVpbGQ] not populated
[debug] [2021-07-20T14:29:29.370Z] > refreshing access token with scopes: []
[debug] [2021-07-20T14:29:29.370Z] >>> HTTP REQUEST POST https://www.googleapis.com/oauth2/v3/token  
 <request body omitted>
[debug] [2021-07-20T14:29:29.373Z] [hosting] hash cache [YnVpbGQ] stored for 20 files
[debug] [2021-07-20T14:29:29.373Z] [hosting][hash queue][FINAL] {"max":715,"min":18,"avg":58,"active":0,"complete":20,"success":20,"errored":0,"retried":0,"total":20,"elapsed":726}
[debug] [2021-07-20T14:29:29.946Z] <<< HTTP RESPONSE 200 {"expires":"Mon, 01 Jan 1990 00:00:00 GMT","cache-control":"no-cache, no-store, max-age=0, must-revalidate","pragma":"no-cache","date":"Tue, 20 Jul 2021 14:29:28 GMT","content-type":"application/json; charset=utf-8","vary":"X-Origin, Referer, Origin,Accept-Encoding","server":"scaffolding on HTTPServer2","x-xss-protection":"0","x-frame-options":"SAMEORIGIN","x-content-type-options":"nosniff","alt-svc":"h3=\":443\"; ma=2592000,h3-29=\":443\"; ma=2592000,h3-T051=\":443\"; ma=2592000,h3-Q050=\":443\"; ma=2592000,h3-Q046=\":443\"; ma=2592000,h3-Q043=\":443\"; ma=2592000,quic=\":443\"; ma=2592000; v=\"46,43\"","accept-ranges":"none","transfer-encoding":"chunked"}
[debug] [2021-07-20T14:29:30.034Z] >>> [apiv2][query] POST https://firebasehosting.googleapis.com/v1beta1/sites/akt-corona-tracker/versions/3d74440312115b19:populateFiles [none]
[debug] [2021-07-20T14:29:30.035Z] >>> [apiv2][body] POST https://firebasehosting.googleapis.com/v1beta1/sites/akt-corona-tracker/versions/3d74440312115b19:populateFiles {"files":{"/asset-manifest.json":"134cc447a3dded41b846d4082653e8a6cac03993f6e4f03313f8a34fb5bfefbf","/index.html":"b2cb39c97c455db5807a4379616c43d78759e46c652cfa6d4f484fae9e93793a","/favicon.ico":"eae62e993eb980ec8a25058c39d5a51feab118bd2100c4deebb2a9c158ec11f9","/logo192.png":"3ee59515172ee198f3be375979df15ac5345183e656720a381b8872b2a39dc8b","/robots.txt":"bfe106a3fb878dc83461c86818bf74fc1bdc7f28538ba613cd3e775516ce8b49","/manifest.json":"aff3449bdc238776f5d6d967f19ec491b36aed5fb7f23ccff6500736fd58494a","/static/css/main.af6d892c.chunk.css":"513f303d5b67cbc0a51df6996c076bccd578cadaaab43949fb0e83da973d7679","/static/css/main.af6d892c.chunk.css.map":"4a0de65943e09cb9146c062145e695f5569c5c82d8e09fe63cb6309455134484","/static/js/2.d6d12631.chunk.js.LICENSE.txt":"bf915c426cda10c186c6882273571a46f1f133c458efcfc036b76d498d5f4941","/logo512.png":"ee7e2f3fdb8209c4b6fd7bef6ba50d1b9dba30a25bb5c3126df057e1cb6f5331","/static/css/2.da98c186.chunk.css":"c6a19071bd7d924280335529f10fd5364ecc525c944d9e125cde1c49500295e2","/static/js/3.09161d72.chunk.js":"2cefd1a9400002086af926662a791236c4ce08246b79924ec8f08dfec3a6ad05","/static/css/2.da98c186.chunk.css.map":"9831e4cf9502e9951c15466368e7ef4e101d3f840c6e5f08accc029c5ad3dc38","/static/js/main.7d581cf3.chunk.js":"c58a3abe9e5644560575d683ad4484dbb61f320e3583d2feb5e9bc82052b9fcf","/static/js/3.09161d72.chunk.js.map":"a0c5720e5e36a985d771d7d1a6a5c77142eec7481baf2553c547c272333070ec","/static/js/runtime-main.bc27ee79.js":"62589dda4c489590c7c3c590bda6f4619c9f51e8af9cebd7a302d8de6cd3f6df","/static/js/runtime-main.bc27ee79.js.map":"c6e7bac706ac8015e317fdc70f1309c8a6a3266f0d58ac346f4b506dc3d38e5f","/static/js/main.7d581cf3.chunk.js.map":"6fae49ea6dbdb1486e299be373b853f251a8943842466dfe08837b4dbe849fb8","/static/js/2.d6d12631.chunk.js":"236271140422cd91543ab5cecd7958456bdf460d8e96c71f8a2826f53400fa24","/static/js/2.d6d12631.chunk.js.map":"ce852baa80310e18b6169809c560ad1af168f6176d928ab1420ce655e0d87df8"}}
[debug] [2021-07-20T14:29:51.485Z] [populateQueue] Retrying task index 0
[debug] [2021-07-20T14:29:51.487Z] >>> [apiv2][query] POST https://firebasehosting.googleapis.com/v1beta1/sites/akt-corona-tracker/versions/3d74440312115b19:populateFiles [none]
[debug] [2021-07-20T14:29:51.488Z] >>> [apiv2][body] POST https://firebasehosting.googleapis.com/v1beta1/sites/akt-corona-tracker/versions/3d74440312115b19:populateFiles {"files":{"/asset-manifest.json":"134cc447a3dded41b846d4082653e8a6cac03993f6e4f03313f8a34fb5bfefbf","/index.html":"b2cb39c97c455db5807a4379616c43d78759e46c652cfa6d4f484fae9e93793a","/favicon.ico":"eae62e993eb980ec8a25058c39d5a51feab118bd2100c4deebb2a9c158ec11f9","/logo192.png":"3ee59515172ee198f3be375979df15ac5345183e656720a381b8872b2a39dc8b","/robots.txt":"bfe106a3fb878dc83461c86818bf74fc1bdc7f28538ba613cd3e775516ce8b49","/manifest.json":"aff3449bdc238776f5d6d967f19ec491b36aed5fb7f23ccff6500736fd58494a","/static/css/main.af6d892c.chunk.css":"513f303d5b67cbc0a51df6996c076bccd578cadaaab43949fb0e83da973d7679","/static/css/main.af6d892c.chunk.css.map":"4a0de65943e09cb9146c062145e695f5569c5c82d8e09fe63cb6309455134484","/static/js/2.d6d12631.chunk.js.LICENSE.txt":"bf915c426cda10c186c6882273571a46f1f133c458efcfc036b76d498d5f4941","/logo512.png":"ee7e2f3fdb8209c4b6fd7bef6ba50d1b9dba30a25bb5c3126df057e1cb6f5331","/static/css/2.da98c186.chunk.css":"c6a19071bd7d924280335529f10fd5364ecc525c944d9e125cde1c49500295e2","/static/js/3.09161d72.chunk.js":"2cefd1a9400002086af926662a791236c4ce08246b79924ec8f08dfec3a6ad05","/static/css/2.da98c186.chunk.css.map":"9831e4cf9502e9951c15466368e7ef4e101d3f840c6e5f08accc029c5ad3dc38","/static/js/main.7d581cf3.chunk.js":"c58a3abe9e5644560575d683ad4484dbb61f320e3583d2feb5e9bc82052b9fcf","/static/js/3.09161d72.chunk.js.map":"a0c5720e5e36a985d771d7d1a6a5c77142eec7481baf2553c547c272333070ec","/static/js/runtime-main.bc27ee79.js":"62589dda4c489590c7c3c590bda6f4619c9f51e8af9cebd7a302d8de6cd3f6df","/static/js/runtime-main.bc27ee79.js.map":"c6e7bac706ac8015e317fdc70f1309c8a6a3266f0d58ac346f4b506dc3d38e5f","/static/js/main.7d581cf3.chunk.js.map":"6fae49ea6dbdb1486e299be373b853f251a8943842466dfe08837b4dbe849fb8","/static/js/2.d6d12631.chunk.js":"236271140422cd91543ab5cecd7958456bdf460d8e96c71f8a2826f53400fa24","/static/js/2.d6d12631.chunk.js.map":"ce852baa80310e18b6169809c560ad1af168f6176d928ab1420ce655e0d87df8"}}
[debug] [2021-07-20T14:29:53.710Z] <<< [apiv2][status] POST https://firebasehosting.googleapis.com/v1beta1/sites/akt-corona-tracker/versions/3d74440312115b19:populateFiles 200
[debug] [2021-07-20T14:29:53.711Z] <<< [apiv2][body] POST https://firebasehosting.googleapis.com/v1beta1/sites/akt-corona-tracker/versions/3d74440312115b19:populateFiles {"uploadRequiredHashes":["236271140422cd91543ab5cecd7958456bdf460d8e96c71f8a2826f53400fa24","b2cb39c97c455db5807a4379616c43d78759e46c652cfa6d4f484fae9e93793a","62589dda4c489590c7c3c590bda6f4619c9f51e8af9cebd7a302d8de6cd3f6df","a0c5720e5e36a985d771d7d1a6a5c77142eec7481baf2553c547c272333070ec","c6a19071bd7d924280335529f10fd5364ecc525c944d9e125cde1c49500295e2","3ee59515172ee198f3be375979df15ac5345183e656720a381b8872b2a39dc8b","4a0de65943e09cb9146c062145e695f5569c5c82d8e09fe63cb6309455134484","c6e7bac706ac8015e317fdc70f1309c8a6a3266f0d58ac346f4b506dc3d38e5f","2cefd1a9400002086af926662a791236c4ce08246b79924ec8f08dfec3a6ad05","ee7e2f3fdb8209c4b6fd7bef6ba50d1b9dba30a25bb5c3126df057e1cb6f5331","ce852baa80310e18b6169809c560ad1af168f6176d928ab1420ce655e0d87df8","6fae49ea6dbdb1486e299be373b853f251a8943842466dfe08837b4dbe849fb8","c58a3abe9e5644560575d683ad4484dbb61f320e3583d2feb5e9bc82052b9fcf","aff3449bdc238776f5d6d967f19ec491b36aed5fb7f23ccff6500736fd58494a","9831e4cf9502e9951c15466368e7ef4e101d3f840c6e5f08accc029c5ad3dc38","eae62e993eb980ec8a25058c39d5a51feab118bd2100c4deebb2a9c158ec11f9","513f303d5b67cbc0a51df6996c076bccd578cadaaab43949fb0e83da973d7679","134cc447a3dded41b846d4082653e8a6cac03993f6e4f03313f8a34fb5bfefbf","bf915c426cda10c186c6882273571a46f1f133c458efcfc036b76d498d5f4941","bfe106a3fb878dc83461c86818bf74fc1bdc7f28538ba613cd3e775516ce8b49"],"uploadUrl":"https://upload-firebasehosting.googleapis.com/upload/sites/akt-corona-tracker/versions/3d74440312115b19/files"}
[debug] [2021-07-20T14:29:53.739Z] >>> [apiv2][query] POST https://upload-firebasehosting.googleapis.com/upload/sites/akt-corona-tracker/versions/3d74440312115b19/files/236271140422cd91543ab5cecd7958456bdf460d8e96c71f8a2826f53400fa24 [none]
[debug] [2021-07-20T14:29:53.740Z] >>> [apiv2][body] POST https://upload-firebasehosting.googleapis.com/upload/sites/akt-corona-tracker/versions/3d74440312115b19/files/236271140422cd91543ab5cecd7958456bdf460d8e96c71f8a2826f53400fa24 [stream]
[debug] [2021-07-20T14:29:53.743Z] >>> [apiv2][query] POST https://upload-firebasehosting.googleapis.com/upload/sites/akt-corona-tracker/versions/3d74440312115b19/files/b2cb39c97c455db5807a4379616c43d78759e46c652cfa6d4f484fae9e93793a [none]
[debug] [2021-07-20T14:29:53.744Z] >>> [apiv2][body] POST https://upload-firebasehosting.googleapis.com/upload/sites/akt-corona-tracker/versions/3d74440312115b19/files/b2cb39c97c455db5807a4379616c43d78759e46c652cfa6d4f484fae9e93793a [stream]
[debug] [2021-07-20T14:29:53.746Z] >>> [apiv2][query] POST https://upload-firebasehosting.googleapis.com/upload/sites/akt-corona-tracker/versions/3d74440312115b19/files/62589dda4c489590c7c3c590bda6f4619c9f51e8af9cebd7a302d8de6cd3f6df [none]
[debug] [2021-07-20T14:29:53.747Z] >>> [apiv2][body] POST https://upload-firebasehosting.googleapis.com/upload/sites/akt-corona-tracker/versions/3d74440312115b19/files/62589dda4c489590c7c3c590bda6f4619c9f51e8af9cebd7a302d8de6cd3f6df [stream]
[debug] [2021-07-20T14:29:53.749Z] >>> [apiv2][query] POST https://upload-firebasehosting.googleapis.com/upload/sites/akt-corona-tracker/versions/3d74440312115b19/files/a0c5720e5e36a985d771d7d1a6a5c77142eec7481baf2553c547c272333070ec [none]
[debug] [2021-07-20T14:29:53.750Z] >>> [apiv2][body] POST https://upload-firebasehosting.googleapis.com/upload/sites/akt-corona-tracker/versions/3d74440312115b19/files/a0c5720e5e36a985d771d7d1a6a5c77142eec7481baf2553c547c272333070ec [stream]
[debug] [2021-07-20T14:29:53.752Z] >>> [apiv2][query] POST https://upload-firebasehosting.googleapis.com/upload/sites/akt-corona-tracker/versions/3d74440312115b19/files/c6a19071bd7d924280335529f10fd5364ecc525c944d9e125cde1c49500295e2 [none]
[debug] [2021-07-20T14:29:53.752Z] >>> [apiv2][body] POST https://upload-firebasehosting.googleapis.com/upload/sites/akt-corona-tracker/versions/3d74440312115b19/files/c6a19071bd7d924280335529f10fd5364ecc525c944d9e125cde1c49500295e2 [stream]
[debug] [2021-07-20T14:29:53.755Z] >>> [apiv2][query] POST https://upload-firebasehosting.googleapis.com/upload/sites/akt-corona-tracker/versions/3d74440312115b19/files/3ee59515172ee198f3be375979df15ac5345183e656720a381b8872b2a39dc8b [none]
[debug] [2021-07-20T14:29:53.755Z] >>> [apiv2][body] POST https://upload-firebasehosting.googleapis.com/upload/sites/akt-corona-tracker/versions/3d74440312115b19/files/3ee59515172ee198f3be375979df15ac5345183e656720a381b8872b2a39dc8b [stream]
[debug] [2021-07-20T14:29:53.757Z] >>> [apiv2][query] POST https://upload-firebasehosting.googleapis.com/upload/sites/akt-corona-tracker/versions/3d74440312115b19/files/4a0de65943e09cb9146c062145e695f5569c5c82d8e09fe63cb6309455134484 [none]
[debug] [2021-07-20T14:29:53.757Z] >>> [apiv2][body] POST https://upload-firebasehosting.googleapis.com/upload/sites/akt-corona-tracker/versions/3d74440312115b19/files/4a0de65943e09cb9146c062145e695f5569c5c82d8e09fe63cb6309455134484 [stream]
[debug] [2021-07-20T14:29:53.760Z] >>> [apiv2][query] POST https://upload-firebasehosting.googleapis.com/upload/sites/akt-corona-tracker/versions/3d74440312115b19/files/c6e7bac706ac8015e317fdc70f1309c8a6a3266f0d58ac346f4b506dc3d38e5f [none]
[debug] [2021-07-20T14:29:53.760Z] >>> [apiv2][body] POST https://upload-firebasehosting.googleapis.com/upload/sites/akt-corona-tracker/versions/3d74440312115b19/files/c6e7bac706ac8015e317fdc70f1309c8a6a3266f0d58ac346f4b506dc3d38e5f [stream]
[debug] [2021-07-20T14:29:53.762Z] >>> [apiv2][query] POST https://upload-firebasehosting.googleapis.com/upload/sites/akt-corona-tracker/versions/3d74440312115b19/files/2cefd1a9400002086af926662a791236c4ce08246b79924ec8f08dfec3a6ad05 [none]
[debug] [2021-07-20T14:29:53.763Z] >>> [apiv2][body] POST https://upload-firebasehosting.googleapis.com/upload/sites/akt-corona-tracker/versions/3d74440312115b19/files/2cefd1a9400002086af926662a791236c4ce08246b79924ec8f08dfec3a6ad05 [stream]
[debug] [2021-07-20T14:29:53.765Z] >>> [apiv2][query] POST https://upload-firebasehosting.googleapis.com/upload/sites/akt-corona-tracker/versions/3d74440312115b19/files/ee7e2f3fdb8209c4b6fd7bef6ba50d1b9dba30a25bb5c3126df057e1cb6f5331 [none]
[debug] [2021-07-20T14:29:53.765Z] >>> [apiv2][body] POST https://upload-firebasehosting.googleapis.com/upload/sites/akt-corona-tracker/versions/3d74440312115b19/files/ee7e2f3fdb8209c4b6fd7bef6ba50d1b9dba30a25bb5c3126df057e1cb6f5331 [stream]
[debug] [2021-07-20T14:29:53.768Z] >>> [apiv2][query] POST https://upload-firebasehosting.googleapis.com/upload/sites/akt-corona-tracker/versions/3d74440312115b19/files/ce852baa80310e18b6169809c560ad1af168f6176d928ab1420ce655e0d87df8 [none]
[debug] [2021-07-20T14:29:53.769Z] >>> [apiv2][body] POST https://upload-firebasehosting.googleapis.com/upload/sites/akt-corona-tracker/versions/3d74440312115b19/files/ce852baa80310e18b6169809c560ad1af168f6176d928ab1420ce655e0d87df8 [stream]
[debug] [2021-07-20T14:29:53.771Z] >>> [apiv2][query] POST https://upload-firebasehosting.googleapis.com/upload/sites/akt-corona-tracker/versions/3d74440312115b19/files/6fae49ea6dbdb1486e299be373b853f251a8943842466dfe08837b4dbe849fb8 [none]
[debug] [2021-07-20T14:29:53.771Z] >>> [apiv2][body] POST https://upload-firebasehosting.googleapis.com/upload/sites/akt-corona-tracker/versions/3d74440312115b19/files/6fae49ea6dbdb1486e299be373b853f251a8943842466dfe08837b4dbe849fb8 [stream]
[debug] [2021-07-20T14:29:53.774Z] >>> [apiv2][query] POST https://upload-firebasehosting.googleapis.com/upload/sites/akt-corona-tracker/versions/3d74440312115b19/files/c58a3abe9e5644560575d683ad4484dbb61f320e3583d2feb5e9bc82052b9fcf [none]
[debug] [2021-07-20T14:29:53.774Z] >>> [apiv2][body] POST https://upload-firebasehosting.googleapis.com/upload/sites/akt-corona-tracker/versions/3d74440312115b19/files/c58a3abe9e5644560575d683ad4484dbb61f320e3583d2feb5e9bc82052b9fcf [stream]
[debug] [2021-07-20T14:29:53.776Z] >>> [apiv2][query] POST https://upload-firebasehosting.googleapis.com/upload/sites/akt-corona-tracker/versions/3d74440312115b19/files/aff3449bdc238776f5d6d967f19ec491b36aed5fb7f23ccff6500736fd58494a [none]
[debug] [2021-07-20T14:29:53.776Z] >>> [apiv2][body] POST https://upload-firebasehosting.googleapis.com/upload/sites/akt-corona-tracker/versions/3d74440312115b19/files/aff3449bdc238776f5d6d967f19ec491b36aed5fb7f23ccff6500736fd58494a [stream]
[debug] [2021-07-20T14:29:53.779Z] >>> [apiv2][query] POST https://upload-firebasehosting.googleapis.com/upload/sites/akt-corona-tracker/versions/3d74440312115b19/files/9831e4cf9502e9951c15466368e7ef4e101d3f840c6e5f08accc029c5ad3dc38 [none]
[debug] [2021-07-20T14:29:53.779Z] >>> [apiv2][body] POST https://upload-firebasehosting.googleapis.com/upload/sites/akt-corona-tracker/versions/3d74440312115b19/files/9831e4cf9502e9951c15466368e7ef4e101d3f840c6e5f08accc029c5ad3dc38 [stream]
[debug] [2021-07-20T14:29:53.784Z] >>> [apiv2][query] POST https://upload-firebasehosting.googleapis.com/upload/sites/akt-corona-tracker/versions/3d74440312115b19/files/eae62e993eb980ec8a25058c39d5a51feab118bd2100c4deebb2a9c158ec11f9 [none]
[debug] [2021-07-20T14:29:53.784Z] >>> [apiv2][body] POST https://upload-firebasehosting.googleapis.com/upload/sites/akt-corona-tracker/versions/3d74440312115b19/files/eae62e993eb980ec8a25058c39d5a51feab118bd2100c4deebb2a9c158ec11f9 [stream]
[debug] [2021-07-20T14:29:53.785Z] >>> [apiv2][query] POST https://upload-firebasehosting.googleapis.com/upload/sites/akt-corona-tracker/versions/3d74440312115b19/files/513f303d5b67cbc0a51df6996c076bccd578cadaaab43949fb0e83da973d7679 [none]
[debug] [2021-07-20T14:29:53.785Z] >>> [apiv2][body] POST https://upload-firebasehosting.googleapis.com/upload/sites/akt-corona-tracker/versions/3d74440312115b19/files/513f303d5b67cbc0a51df6996c076bccd578cadaaab43949fb0e83da973d7679 [stream]
[debug] [2021-07-20T14:29:53.786Z] >>> [apiv2][query] POST https://upload-firebasehosting.googleapis.com/upload/sites/akt-corona-tracker/versions/3d74440312115b19/files/134cc447a3dded41b846d4082653e8a6cac03993f6e4f03313f8a34fb5bfefbf [none]
[debug] [2021-07-20T14:29:53.787Z] >>> [apiv2][body] POST https://upload-firebasehosting.googleapis.com/upload/sites/akt-corona-tracker/versions/3d74440312115b19/files/134cc447a3dded41b846d4082653e8a6cac03993f6e4f03313f8a34fb5bfefbf [stream]
[debug] [2021-07-20T14:29:53.788Z] >>> [apiv2][query] POST https://upload-firebasehosting.googleapis.com/upload/sites/akt-corona-tracker/versions/3d74440312115b19/files/bf915c426cda10c186c6882273571a46f1f133c458efcfc036b76d498d5f4941 [none]
[debug] [2021-07-20T14:29:53.788Z] >>> [apiv2][body] POST https://upload-firebasehosting.googleapis.com/upload/sites/akt-corona-tracker/versions/3d74440312115b19/files/bf915c426cda10c186c6882273571a46f1f133c458efcfc036b76d498d5f4941 [stream]
[debug] [2021-07-20T14:29:53.789Z] >>> [apiv2][query] POST https://upload-firebasehosting.googleapis.com/upload/sites/akt-corona-tracker/versions/3d74440312115b19/files/bfe106a3fb878dc83461c86818bf74fc1bdc7f28538ba613cd3e775516ce8b49 [none]
[debug] [2021-07-20T14:29:53.789Z] >>> [apiv2][body] POST https://upload-firebasehosting.googleapis.com/upload/sites/akt-corona-tracker/versions/3d74440312115b19/files/bfe106a3fb878dc83461c86818bf74fc1bdc7f28538ba613cd3e775516ce8b49 [stream]
[debug] [2021-07-20T14:29:53.790Z] [hosting][populate queue][FINAL] {"max":2251,"min":2251,"avg":2251,"active":0,"complete":1,"success":1,"errored":0,"retried":1,"total":1,"elapsed":24421}
[debug] [2021-07-20T14:29:53.790Z] [hosting] uploads queued: 20
[debug] [2021-07-20T14:29:56.907Z] <<< [apiv2][status] POST https://upload-firebasehosting.googleapis.com/upload/sites/akt-corona-tracker/versions/3d74440312115b19/files/b2cb39c97c455db5807a4379616c43d78759e46c652cfa6d4f484fae9e93793a 200
[debug] [2021-07-20T14:29:56.907Z] <<< [apiv2][body] POST https://upload-firebasehosting.googleapis.com/upload/sites/akt-corona-tracker/versions/3d74440312115b19/files/b2cb39c97c455db5807a4379616c43d78759e46c652cfa6d4f484fae9e93793a [stream]
[debug] [2021-07-20T14:29:57.115Z] <<< [apiv2][status] POST https://upload-firebasehosting.googleapis.com/upload/sites/akt-corona-tracker/versions/3d74440312115b19/files/a0c5720e5e36a985d771d7d1a6a5c77142eec7481baf2553c547c272333070ec 200
[debug] [2021-07-20T14:29:57.116Z] <<< [apiv2][body] POST https://upload-firebasehosting.googleapis.com/upload/sites/akt-corona-tracker/versions/3d74440312115b19/files/a0c5720e5e36a985d771d7d1a6a5c77142eec7481baf2553c547c272333070ec [stream]
[debug] [2021-07-20T14:29:57.374Z] <<< [apiv2][status] POST https://upload-firebasehosting.googleapis.com/upload/sites/akt-corona-tracker/versions/3d74440312115b19/files/c58a3abe9e5644560575d683ad4484dbb61f320e3583d2feb5e9bc82052b9fcf 200
[debug] [2021-07-20T14:29:57.374Z] <<< [apiv2][body] POST https://upload-firebasehosting.googleapis.com/upload/sites/akt-corona-tracker/versions/3d74440312115b19/files/c58a3abe9e5644560575d683ad4484dbb61f320e3583d2feb5e9bc82052b9fcf [stream]
[debug] [2021-07-20T14:29:57.589Z] <<< [apiv2][status] POST https://upload-firebasehosting.googleapis.com/upload/sites/akt-corona-tracker/versions/3d74440312115b19/files/6fae49ea6dbdb1486e299be373b853f251a8943842466dfe08837b4dbe849fb8 200
[debug] [2021-07-20T14:29:57.589Z] <<< [apiv2][body] POST https://upload-firebasehosting.googleapis.com/upload/sites/akt-corona-tracker/versions/3d74440312115b19/files/6fae49ea6dbdb1486e299be373b853f251a8943842466dfe08837b4dbe849fb8 [stream]
[debug] [2021-07-20T14:29:57.902Z] <<< [apiv2][status] POST https://upload-firebasehosting.googleapis.com/upload/sites/akt-corona-tracker/versions/3d74440312115b19/files/62589dda4c489590c7c3c590bda6f4619c9f51e8af9cebd7a302d8de6cd3f6df 200
[debug] [2021-07-20T14:29:57.906Z] <<< [apiv2][body] POST https://upload-firebasehosting.googleapis.com/upload/sites/akt-corona-tracker/versions/3d74440312115b19/files/62589dda4c489590c7c3c590bda6f4619c9f51e8af9cebd7a302d8de6cd3f6df [stream]
[debug] [2021-07-20T14:29:58.048Z] <<< [apiv2][status] POST https://upload-firebasehosting.googleapis.com/upload/sites/akt-corona-tracker/versions/3d74440312115b19/files/4a0de65943e09cb9146c062145e695f5569c5c82d8e09fe63cb6309455134484 200
[debug] [2021-07-20T14:29:58.049Z] <<< [apiv2][body] POST https://upload-firebasehosting.googleapis.com/upload/sites/akt-corona-tracker/versions/3d74440312115b19/files/4a0de65943e09cb9146c062145e695f5569c5c82d8e09fe63cb6309455134484 [stream]
[debug] [2021-07-20T14:29:58.086Z] <<< [apiv2][status] POST https://upload-firebasehosting.googleapis.com/upload/sites/akt-corona-tracker/versions/3d74440312115b19/files/2cefd1a9400002086af926662a791236c4ce08246b79924ec8f08dfec3a6ad05 200
[debug] [2021-07-20T14:29:58.087Z] <<< [apiv2][body] POST https://upload-firebasehosting.googleapis.com/upload/sites/akt-corona-tracker/versions/3d74440312115b19/files/2cefd1a9400002086af926662a791236c4ce08246b79924ec8f08dfec3a6ad05 [stream]
[debug] [2021-07-20T14:29:58.103Z] <<< [apiv2][status] POST https://upload-firebasehosting.googleapis.com/upload/sites/akt-corona-tracker/versions/3d74440312115b19/files/bfe106a3fb878dc83461c86818bf74fc1bdc7f28538ba613cd3e775516ce8b49 200
[debug] [2021-07-20T14:29:58.104Z] <<< [apiv2][body] POST https://upload-firebasehosting.googleapis.com/upload/sites/akt-corona-tracker/versions/3d74440312115b19/files/bfe106a3fb878dc83461c86818bf74fc1bdc7f28538ba613cd3e775516ce8b49 [stream]
[debug] [2021-07-20T14:29:58.144Z] <<< [apiv2][status] POST https://upload-firebasehosting.googleapis.com/upload/sites/akt-corona-tracker/versions/3d74440312115b19/files/134cc447a3dded41b846d4082653e8a6cac03993f6e4f03313f8a34fb5bfefbf 200
[debug] [2021-07-20T14:29:58.144Z] <<< [apiv2][body] POST https://upload-firebasehosting.googleapis.com/upload/sites/akt-corona-tracker/versions/3d74440312115b19/files/134cc447a3dded41b846d4082653e8a6cac03993f6e4f03313f8a34fb5bfefbf [stream]
[debug] [2021-07-20T14:29:58.211Z] <<< [apiv2][status] POST https://upload-firebasehosting.googleapis.com/upload/sites/akt-corona-tracker/versions/3d74440312115b19/files/c6e7bac706ac8015e317fdc70f1309c8a6a3266f0d58ac346f4b506dc3d38e5f 200
[debug] [2021-07-20T14:29:58.211Z] <<< [apiv2][body] POST https://upload-firebasehosting.googleapis.com/upload/sites/akt-corona-tracker/versions/3d74440312115b19/files/c6e7bac706ac8015e317fdc70f1309c8a6a3266f0d58ac346f4b506dc3d38e5f [stream]
[debug] [2021-07-20T14:29:58.217Z] <<< [apiv2][status] POST https://upload-firebasehosting.googleapis.com/upload/sites/akt-corona-tracker/versions/3d74440312115b19/files/aff3449bdc238776f5d6d967f19ec491b36aed5fb7f23ccff6500736fd58494a 200
[debug] [2021-07-20T14:29:58.217Z] <<< [apiv2][body] POST https://upload-firebasehosting.googleapis.com/upload/sites/akt-corona-tracker/versions/3d74440312115b19/files/aff3449bdc238776f5d6d967f19ec491b36aed5fb7f23ccff6500736fd58494a [stream]
[debug] [2021-07-20T14:29:58.447Z] <<< [apiv2][status] POST https://upload-firebasehosting.googleapis.com/upload/sites/akt-corona-tracker/versions/3d74440312115b19/files/bf915c426cda10c186c6882273571a46f1f133c458efcfc036b76d498d5f4941 200
[debug] [2021-07-20T14:29:58.448Z] <<< [apiv2][body] POST https://upload-firebasehosting.googleapis.com/upload/sites/akt-corona-tracker/versions/3d74440312115b19/files/bf915c426cda10c186c6882273571a46f1f133c458efcfc036b76d498d5f4941 [stream]
[debug] [2021-07-20T14:29:58.711Z] <<< [apiv2][status] POST https://upload-firebasehosting.googleapis.com/upload/sites/akt-corona-tracker/versions/3d74440312115b19/files/513f303d5b67cbc0a51df6996c076bccd578cadaaab43949fb0e83da973d7679 200
[debug] [2021-07-20T14:29:58.712Z] <<< [apiv2][body] POST https://upload-firebasehosting.googleapis.com/upload/sites/akt-corona-tracker/versions/3d74440312115b19/files/513f303d5b67cbc0a51df6996c076bccd578cadaaab43949fb0e83da973d7679 [stream]
[debug] [2021-07-20T14:29:59.121Z] <<< [apiv2][status] POST https://upload-firebasehosting.googleapis.com/upload/sites/akt-corona-tracker/versions/3d74440312115b19/files/3ee59515172ee198f3be375979df15ac5345183e656720a381b8872b2a39dc8b 200
[debug] [2021-07-20T14:29:59.121Z] <<< [apiv2][body] POST https://upload-firebasehosting.googleapis.com/upload/sites/akt-corona-tracker/versions/3d74440312115b19/files/3ee59515172ee198f3be375979df15ac5345183e656720a381b8872b2a39dc8b [stream]
[debug] [2021-07-20T14:29:59.218Z] <<< [apiv2][status] POST https://upload-firebasehosting.googleapis.com/upload/sites/akt-corona-tracker/versions/3d74440312115b19/files/eae62e993eb980ec8a25058c39d5a51feab118bd2100c4deebb2a9c158ec11f9 200
[debug] [2021-07-20T14:29:59.219Z] <<< [apiv2][body] POST https://upload-firebasehosting.googleapis.com/upload/sites/akt-corona-tracker/versions/3d74440312115b19/files/eae62e993eb980ec8a25058c39d5a51feab118bd2100c4deebb2a9c158ec11f9 [stream]
[debug] [2021-07-20T14:29:59.283Z] <<< [apiv2][status] POST https://upload-firebasehosting.googleapis.com/upload/sites/akt-corona-tracker/versions/3d74440312115b19/files/c6a19071bd7d924280335529f10fd5364ecc525c944d9e125cde1c49500295e2 200
[debug] [2021-07-20T14:29:59.283Z] <<< [apiv2][body] POST https://upload-firebasehosting.googleapis.com/upload/sites/akt-corona-tracker/versions/3d74440312115b19/files/c6a19071bd7d924280335529f10fd5364ecc525c944d9e125cde1c49500295e2 [stream]
[debug] [2021-07-20T14:29:59.379Z] <<< [apiv2][status] POST https://upload-firebasehosting.googleapis.com/upload/sites/akt-corona-tracker/versions/3d74440312115b19/files/9831e4cf9502e9951c15466368e7ef4e101d3f840c6e5f08accc029c5ad3dc38 200
[debug] [2021-07-20T14:29:59.380Z] <<< [apiv2][body] POST https://upload-firebasehosting.googleapis.com/upload/sites/akt-corona-tracker/versions/3d74440312115b19/files/9831e4cf9502e9951c15466368e7ef4e101d3f840c6e5f08accc029c5ad3dc38 [stream]
[debug] [2021-07-20T14:29:59.741Z] <<< [apiv2][status] POST https://upload-firebasehosting.googleapis.com/upload/sites/akt-corona-tracker/versions/3d74440312115b19/files/ee7e2f3fdb8209c4b6fd7bef6ba50d1b9dba30a25bb5c3126df057e1cb6f5331 200
[debug] [2021-07-20T14:29:59.742Z] <<< [apiv2][body] POST https://upload-firebasehosting.googleapis.com/upload/sites/akt-corona-tracker/versions/3d74440312115b19/files/ee7e2f3fdb8209c4b6fd7bef6ba50d1b9dba30a25bb5c3126df057e1cb6f5331 [stream]
[debug] [2021-07-20T14:30:05.026Z] <<< [apiv2][status] POST https://upload-firebasehosting.googleapis.com/upload/sites/akt-corona-tracker/versions/3d74440312115b19/files/236271140422cd91543ab5cecd7958456bdf460d8e96c71f8a2826f53400fa24 200
[debug] [2021-07-20T14:30:05.026Z] <<< [apiv2][body] POST https://upload-firebasehosting.googleapis.com/upload/sites/akt-corona-tracker/versions/3d74440312115b19/files/236271140422cd91543ab5cecd7958456bdf460d8e96c71f8a2826f53400fa24 [stream]
[debug] [2021-07-20T14:30:18.688Z] <<< [apiv2][status] POST https://upload-firebasehosting.googleapis.com/upload/sites/akt-corona-tracker/versions/3d74440312115b19/files/ce852baa80310e18b6169809c560ad1af168f6176d928ab1420ce655e0d87df8 200
[debug] [2021-07-20T14:30:18.688Z] <<< [apiv2][body] POST https://upload-firebasehosting.googleapis.com/upload/sites/akt-corona-tracker/versions/3d74440312115b19/files/ce852baa80310e18b6169809c560ad1af168f6176d928ab1420ce655e0d87df8 [stream]
[debug] [2021-07-20T14:30:18.689Z] [hosting][upload queue][FINAL] {"max":24966,"min":3194,"avg":5945.35,"active":0,"complete":20,"success":20,"errored":0,"retried":0,"total":20,"elapsed":24977}
[info] +  hosting[akt-corona-tracker]: file upload complete 
[debug] [2021-07-20T14:30:18.692Z] [hosting] deploy completed after 50065ms
[debug] [2021-07-20T14:30:18.700Z] [
  {
    "config": {
      "public": "build",
      "ignore": [
        "firebase.json",
        "**/.*",
        "**/node_modules/**"
      ],
      "rewrites": [
        {
          "source": "**",
          "destination": "/index.html"
        }
      ],
      "site": "akt-corona-tracker"
    },
    "site": "akt-corona-tracker",
    "version": "sites/akt-corona-tracker/versions/3d74440312115b19"
  }
]
[info] i  hosting[akt-corona-tracker]: finalizing version... 
[debug] [2021-07-20T14:30:18.703Z] > refreshing access token with scopes: ["email","https://www.googleapis.com/auth/cloud-platform","https://www.googleapis.com/auth/cloudplatformprojects.readonly","https://www.googleapis.com/auth/firebase","openid"]
[debug] [2021-07-20T14:30:18.704Z] >>> HTTP REQUEST POST https://www.googleapis.com/oauth2/v3/token  
 <request body omitted>
[debug] [2021-07-20T14:30:19.617Z] <<< HTTP RESPONSE 200 {"date":"Tue, 20 Jul 2021 14:30:18 GMT","cache-control":"no-cache, no-store, max-age=0, must-revalidate","expires":"Mon, 01 Jan 1990 00:00:00 GMT","pragma":"no-cache","content-type":"application/json; charset=utf-8","vary":"X-Origin, Referer, Origin,Accept-Encoding","server":"scaffolding on HTTPServer2","x-xss-protection":"0","x-frame-options":"SAMEORIGIN","x-content-type-options":"nosniff","alt-svc":"h3=\":443\"; ma=2592000,h3-29=\":443\"; ma=2592000,h3-T051=\":443\"; ma=2592000,h3-Q050=\":443\"; ma=2592000,h3-Q046=\":443\"; ma=2592000,h3-Q043=\":443\"; ma=2592000,quic=\":443\"; ma=2592000; v=\"46,43\"","accept-ranges":"none","transfer-encoding":"chunked"}
[debug] [2021-07-20T14:30:19.699Z] >>> HTTP REQUEST PATCH https://firebasehosting.googleapis.com/v1beta1/sites/akt-corona-tracker/versions/3d74440312115b19?updateMask=status  
 {"status":"FINALIZED"}
[debug] [2021-07-20T14:30:41.698Z] Error: connect ETIMEDOUT 142.250.192.234:443
    at TCPConnectWrap.afterConnect [as oncomplete] (net.js:1146:16)
[error] 
[error] Error: Server Error. connect ETIMEDOUT 142.250.192.234:443
